31/10/2024 16:18:19 [INFO] Hello
31/10/2024 16:18:19 [INFO] 1
31/10/2024 16:18:19 [INFO] a
31/10/2024 16:18:19 [INFO] 2
31/10/2024 16:18:19 [INFO] 4
31/10/2024 16:18:19 [INFO] b
31/10/2024 16:18:19 [INFO] ID: 
31/10/2024 16:18:19 [INFO] 0x60fc0
31/10/2024 16:18:19 [INFO]  | Title: 
31/10/2024 16:18:19 [INFO] ZoomIt Live Zoom
31/10/2024 16:18:19 [INFO] ID: 
31/10/2024 16:18:19 [INFO] 0x10876
31/10/2024 16:18:19 [INFO]  | Title: 
31/10/2024 16:18:19 [INFO] main.cpp - C (Workspace) - Visual Studio Code [Administrator]
31/10/2024 16:18:19 [INFO] ID: 
31/10/2024 16:18:19 [INFO] 0xe10ae
31/10/2024 16:18:19 [INFO]  | Title: 
31/10/2024 16:18:19 [INFO] Himouto! Umaru-chan R (Himouto! Umaru-chan 2nd Season) Episode 10 - Animelon - Chromium
31/10/2024 16:18:19 [INFO] ID: 
31/10/2024 16:18:19 [INFO] 0x30fb0
31/10/2024 16:18:19 [INFO]  | Title: 
31/10/2024 16:18:19 [INFO] Mandarine d16fa96 | Pokemon Y | Primary Window
31/10/2024 16:18:19 [INFO] ID: 
31/10/2024 16:18:19 [INFO] 0x171078
31/10/2024 16:18:19 [INFO]  | Title: 
31/10/2024 16:18:19 [INFO] Mandarine d16fa96 | Pokemon Y
31/10/2024 16:18:19 [INFO] ID: 
31/10/2024 16:18:19 [INFO] 0x110d80
31/10/2024 16:18:19 [INFO]  | Title: 
31/10/2024 16:18:19 [INFO] 葉山舞鈴 / Ohayama Ch. - Gaming - 【風来のシレン6 plus / DLC後篇】ついに発売??超最難関99Fダンジョン？！「超・神髄」いくぞ。（ 1000回遊べるダンジョンRPG ）です【にじさんじ/葉山舞鈴】 -:-::https://www.youtube.com/watch?v=b42DcEzT7q4\ - mpv
31/10/2024 16:18:19 [INFO] ID: 
31/10/2024 16:18:19 [INFO] 0x1f037e
31/10/2024 16:18:19 [INFO]  | Title: 
31/10/2024 16:18:19 [INFO] LucyPyre - Just Chatting - PUT WITCHES IN THEIR PLACE?HAPPY HALLOWEEN I GET TO DO MY FAVORITE THING AND CURSE A LOT TODAY <3 !uwu !gg -:-::https://www.twitch.tv/lucypyre\ - mpv
31/10/2024 16:18:19 [INFO] ID: 
31/10/2024 16:18:19 [INFO] 0xc1058
31/10/2024 16:18:19 [INFO]  | Title: 
31/10/2024 16:18:19 [INFO] SisterLiriya - Pikmin 2 - Pikmin 2 Deathless -:-::https://www.twitch.tv/sisterliriya\ - mpv
31/10/2024 16:18:19 [INFO] ID: 
31/10/2024 16:18:19 [INFO] 0xa20050
31/10/2024 16:18:19 [INFO]  | Title: 
31/10/2024 16:18:19 [INFO] Watame Ch. 角巻わため - Entertainment - 【歌枠】第１１７回！Halloween わためぇ Night Fever!! Singing Stream??【角巻わため/ホロライブ４期生】 -:-::https://youtu.be/ylwWnxuVx68\ - mpv
31/10/2024 16:18:19 [INFO] ID: 
31/10/2024 16:18:19 [INFO] 0xb00c0
31/10/2024 16:18:19 [INFO]  | Title: 
31/10/2024 16:18:19 [INFO] Takanashi Kiara Ch. hololive-EN - Entertainment - 【3D STREAM】karaoke and call ins and costumes?! #kfp #キアライブ -:-::https://www.youtube.com/watch?v=lv_ORHPPCEw\ - mpv
31/10/2024 16:18:19 [INFO] ID: 
31/10/2024 16:18:19 [INFO] 0x111048
31/10/2024 16:18:19 [INFO]  | Title: 
31/10/2024 16:18:19 [INFO] New Tab - Google Chrome
31/10/2024 16:18:19 [INFO] ID: 
31/10/2024 16:18:19 [INFO] 0x1073c
31/10/2024 16:18:19 [INFO]  | Title: 
31/10/2024 16:18:19 [INFO] Window Search - Poe - Google Chrome
31/10/2024 16:18:19 [INFO] ID: 
31/10/2024 16:18:19 [INFO] 0x308ae
31/10/2024 16:18:19 [INFO]  | Title: 
31/10/2024 16:18:19 [INFO] Chatterino 2.4.3
31/10/2024 16:18:19 [INFO] ID: 
31/10/2024 16:18:19 [INFO] 0x60484
31/10/2024 16:18:19 [INFO]  | Title: 
31/10/2024 16:18:19 [INFO] 小清水 透 / Koshimizu Toru【にじさんじ】 - Gaming - 【 遊戯王マスターデュエル 】??ろこてゃと対戦練習する！！#とろっこ組【小清水 透 / にじさんじ】#にじ遊戯王祭2024 -:-::https://www.youtube.com/watch?v=ESb8j2m-V2w\ - mpv
31/10/2024 16:18:19 [INFO] ID: 
31/10/2024 16:18:19 [INFO] 0x21088
31/10/2024 16:18:19 [INFO]  | Title: 
31/10/2024 16:18:19 [INFO] Poma Pon Ch.【V4Mirai】 - Gaming - 【Dead Space】I AM GOING TO PISS MYSELF【 Poma Pon | V4Mirai | ENVtuber 】 -:-::https://www.youtube.com/watch?v=lCz-4hRA6dA\ - mpv
31/10/2024 16:18:19 [INFO] ID: 
31/10/2024 16:18:19 [INFO] 0x230d3c
31/10/2024 16:18:19 [INFO]  | Title: 
31/10/2024 16:18:19 [INFO] (9) [s4s] - I work today on Halloween. I hope you all have a g - Sh*t 4chan Says - 4chan - Google Chrome
31/10/2024 16:18:19 [INFO] ID: 
31/10/2024 16:18:19 [INFO] 0x40394
31/10/2024 16:18:19 [INFO]  | Title: 
31/10/2024 16:18:19 [INFO] GetAsyncKeyState function (winuser.h) - Win32 apps | Microsoft Learn - Google Chrome
31/10/2024 16:18:19 [INFO] ID: 
31/10/2024 16:18:19 [INFO] 0x2088e
31/10/2024 16:18:19 [INFO]  | Title: 
31/10/2024 16:18:19 [INFO] bgi-input.c - dos - Visual Studio Code [Administrator]
31/10/2024 16:18:19 [INFO] ID: 
31/10/2024 16:18:19 [INFO] 0x30100
31/10/2024 16:18:19 [INFO]  | Title: 
31/10/2024 16:18:19 [INFO] Windows Input Experience
31/10/2024 16:18:19 [INFO] ID: 
31/10/2024 16:18:19 [INFO] 0x206d2
31/10/2024 16:18:19 [INFO]  | Title: 
31/10/2024 16:18:19 [INFO] User 1 - Anki
31/10/2024 16:18:19 [INFO] ID: 
31/10/2024 16:18:19 [INFO] 0x50fc2
31/10/2024 16:18:19 [INFO]  | Title: 
31/10/2024 16:18:19 [INFO] Zentreya - Just Chatting - ?? SHOCKTOBER ?? HAPPY HALLOWEEN  + HORROR ALL DAY! NEW OUTFIT? | !bits !tts | #VSHOJO -:-::https://www.twitch.tv/zentreya\ - mpv
31/10/2024 16:18:19 [INFO] ID: 
31/10/2024 16:18:19 [INFO] 0x3014a
31/10/2024 16:18:19 [INFO]  | Title: 
31/10/2024 16:18:19 [INFO] Program Manager
31/10/2024 16:18:19 [INFO] Testing Send function...

31/10/2024 16:18:19 [INFO] Testing ControlSend function...

31/10/2024 16:18:19 [INFO] Testing RegisterHotkey function...

31/10/2024 16:18:19 [INFO] Hotkey registered: 
31/10/2024 16:18:19 [INFO] Ctrl+Space
31/10/2024 16:18:19 [INFO] Testing AddHotkey function...

31/10/2024 16:18:19 [INFO] Testing HotkeyListen function...

31/10/2024 16:18:19 [INFO] Testing SetTimer function...

31/10/2024 16:18:19 [INFO] Testing MsgBox function...

31/10/2024 16:18:31 [INFO] Hello
31/10/2024 16:18:31 [INFO] 1
31/10/2024 16:18:31 [INFO] a
31/10/2024 16:18:31 [INFO] 2
31/10/2024 16:18:31 [INFO] 4
31/10/2024 16:18:31 [INFO] b
31/10/2024 16:18:31 [INFO] ID: 
31/10/2024 16:18:31 [INFO] 0x60fc0
31/10/2024 16:18:31 [INFO]  | Title: 
31/10/2024 16:18:31 [INFO] ZoomIt Live Zoom
31/10/2024 16:18:31 [INFO] ID: 
31/10/2024 16:18:31 [INFO] 0x10876
31/10/2024 16:18:31 [INFO]  | Title: 
31/10/2024 16:18:31 [INFO] main.cpp - C (Workspace) - Visual Studio Code [Administrator]
31/10/2024 16:18:31 [INFO] ID: 
31/10/2024 16:18:31 [INFO] 0xe10ae
31/10/2024 16:18:31 [INFO]  | Title: 
31/10/2024 16:18:31 [INFO] Himouto! Umaru-chan R (Himouto! Umaru-chan 2nd Season) Episode 10 - Animelon - Chromium
31/10/2024 16:18:31 [INFO] ID: 
31/10/2024 16:18:31 [INFO] 0x30fb0
31/10/2024 16:18:31 [INFO]  | Title: 
31/10/2024 16:18:31 [INFO] Mandarine d16fa96 | Pokemon Y | Primary Window
31/10/2024 16:18:31 [INFO] ID: 
31/10/2024 16:18:31 [INFO] 0x171078
31/10/2024 16:18:31 [INFO]  | Title: 
31/10/2024 16:18:31 [INFO] Mandarine d16fa96 | Pokemon Y
31/10/2024 16:18:31 [INFO] ID: 
31/10/2024 16:18:31 [INFO] 0x110d80
31/10/2024 16:18:31 [INFO]  | Title: 
31/10/2024 16:18:31 [INFO] 葉山舞鈴 / Ohayama Ch. - Gaming - 【風来のシレン6 plus / DLC後篇】ついに発売??超最難関99Fダンジョン？！「超・神髄」いくぞ。（ 1000回遊べるダンジョンRPG ）です【にじさんじ/葉山舞鈴】 -:-::https://www.youtube.com/watch?v=b42DcEzT7q4\ - mpv
31/10/2024 16:18:31 [INFO] ID: 
31/10/2024 16:18:31 [INFO] 0x1f037e
31/10/2024 16:18:31 [INFO]  | Title: 
31/10/2024 16:18:31 [INFO] LucyPyre - Just Chatting - PUT WITCHES IN THEIR PLACE?HAPPY HALLOWEEN I GET TO DO MY FAVORITE THING AND CURSE A LOT TODAY <3 !uwu !gg -:-::https://www.twitch.tv/lucypyre\ - mpv
31/10/2024 16:18:31 [INFO] ID: 
31/10/2024 16:18:31 [INFO] 0xc1058
31/10/2024 16:18:31 [INFO]  | Title: 
31/10/2024 16:18:31 [INFO] SisterLiriya - Pikmin 2 - Pikmin 2 Deathless -:-::https://www.twitch.tv/sisterliriya\ - mpv
31/10/2024 16:18:31 [INFO] ID: 
31/10/2024 16:18:31 [INFO] 0xa20050
31/10/2024 16:18:31 [INFO]  | Title: 
31/10/2024 16:18:31 [INFO] Watame Ch. 角巻わため - Entertainment - 【歌枠】第１１７回！Halloween わためぇ Night Fever!! Singing Stream??【角巻わため/ホロライブ４期生】 -:-::https://youtu.be/ylwWnxuVx68\ - mpv
31/10/2024 16:18:32 [INFO] ID: 
31/10/2024 16:18:32 [INFO] 0xb00c0
31/10/2024 16:18:32 [INFO]  | Title: 
31/10/2024 16:18:32 [INFO] Takanashi Kiara Ch. hololive-EN - Entertainment - 【3D STREAM】karaoke and call ins and costumes?! #kfp #キアライブ -:-::https://www.youtube.com/watch?v=lv_ORHPPCEw\ - mpv
31/10/2024 16:18:32 [INFO] ID: 
31/10/2024 16:18:32 [INFO] 0x111048
31/10/2024 16:18:32 [INFO]  | Title: 
31/10/2024 16:18:32 [INFO] New Tab - Google Chrome
31/10/2024 16:18:32 [INFO] ID: 
31/10/2024 16:18:32 [INFO] 0x1073c
31/10/2024 16:18:32 [INFO]  | Title: 
31/10/2024 16:18:32 [INFO] Window Search - Poe - Google Chrome
31/10/2024 16:18:32 [INFO] ID: 
31/10/2024 16:18:32 [INFO] 0x308ae
31/10/2024 16:18:32 [INFO]  | Title: 
31/10/2024 16:18:32 [INFO] Chatterino 2.4.3
31/10/2024 16:18:32 [INFO] ID: 
31/10/2024 16:18:32 [INFO] 0x60484
31/10/2024 16:18:32 [INFO]  | Title: 
31/10/2024 16:18:32 [INFO] 小清水 透 / Koshimizu Toru【にじさんじ】 - Gaming - 【 遊戯王マスターデュエル 】??ろこてゃと対戦練習する！！#とろっこ組【小清水 透 / にじさんじ】#にじ遊戯王祭2024 -:-::https://www.youtube.com/watch?v=ESb8j2m-V2w\ - mpv
31/10/2024 16:18:32 [INFO] ID: 
31/10/2024 16:18:32 [INFO] 0x21088
31/10/2024 16:18:32 [INFO]  | Title: 
31/10/2024 16:18:32 [INFO] Poma Pon Ch.【V4Mirai】 - Gaming - 【Dead Space】I AM GOING TO PISS MYSELF【 Poma Pon | V4Mirai | ENVtuber 】 -:-::https://www.youtube.com/watch?v=lCz-4hRA6dA\ - mpv
31/10/2024 16:18:32 [INFO] ID: 
31/10/2024 16:18:32 [INFO] 0x230d3c
31/10/2024 16:18:32 [INFO]  | Title: 
31/10/2024 16:18:32 [INFO] (9) [s4s] - I work today on Halloween. I hope you all have a g - Sh*t 4chan Says - 4chan - Google Chrome
31/10/2024 16:18:32 [INFO] ID: 
31/10/2024 16:18:32 [INFO] 0x40394
31/10/2024 16:18:32 [INFO]  | Title: 
31/10/2024 16:18:32 [INFO] GetAsyncKeyState function (winuser.h) - Win32 apps | Microsoft Learn - Google Chrome
31/10/2024 16:18:32 [INFO] ID: 
31/10/2024 16:18:32 [INFO] 0x2088e
31/10/2024 16:18:32 [INFO]  | Title: 
31/10/2024 16:18:32 [INFO] bgi-input.c - dos - Visual Studio Code [Administrator]
31/10/2024 16:18:32 [INFO] ID: 
31/10/2024 16:18:32 [INFO] 0x30100
31/10/2024 16:18:32 [INFO]  | Title: 
31/10/2024 16:18:32 [INFO] Windows Input Experience
31/10/2024 16:18:32 [INFO] ID: 
31/10/2024 16:18:32 [INFO] 0x206d2
31/10/2024 16:18:32 [INFO]  | Title: 
31/10/2024 16:18:32 [INFO] User 1 - Anki
31/10/2024 16:18:32 [INFO] ID: 
31/10/2024 16:18:33 [INFO] 0x50fc2
31/10/2024 16:18:33 [INFO]  | Title: 
31/10/2024 16:18:33 [INFO] Zentreya - Just Chatting - ?? SHOCKTOBER ?? HAPPY HALLOWEEN  + HORROR ALL DAY! NEW OUTFIT? | !bits !tts | #VSHOJO -:-::https://www.twitch.tv/zentreya\ - mpv
31/10/2024 16:18:33 [INFO] ID: 
31/10/2024 16:18:33 [INFO] 0x3014a
31/10/2024 16:18:33 [INFO]  | Title: 
31/10/2024 16:18:33 [INFO] Program Manager
31/10/2024 16:18:33 [INFO] Testing Send function...

31/10/2024 16:18:33 [INFO] Testing ControlSend function...

31/10/2024 16:18:33 [INFO] Testing RegisterHotkey function...

31/10/2024 16:18:33 [INFO] Hotkey registered: 
31/10/2024 16:18:33 [INFO] Ctrl+Space
31/10/2024 16:18:33 [INFO] Testing AddHotkey function...

31/10/2024 16:18:33 [INFO] Testing HotkeyListen function...

31/10/2024 16:18:41 [INFO] Hello
31/10/2024 16:18:41 [INFO] 1
31/10/2024 16:18:41 [INFO] a
31/10/2024 16:18:41 [INFO] 2
31/10/2024 16:18:41 [INFO] 4
31/10/2024 16:18:41 [INFO] b
31/10/2024 16:18:41 [INFO] ID: 
31/10/2024 16:18:41 [INFO] 0x60fc0
31/10/2024 16:18:41 [INFO]  | Title: 
31/10/2024 16:18:41 [INFO] ZoomIt Live Zoom
31/10/2024 16:18:41 [INFO] ID: 
31/10/2024 16:18:41 [INFO] 0x10876
31/10/2024 16:18:41 [INFO]  | Title: 
31/10/2024 16:18:41 [INFO] main.cpp - C (Workspace) - Visual Studio Code [Administrator]
31/10/2024 16:18:41 [INFO] ID: 
31/10/2024 16:18:41 [INFO] 0xe10ae
31/10/2024 16:18:41 [INFO]  | Title: 
31/10/2024 16:18:41 [INFO] Himouto! Umaru-chan R (Himouto! Umaru-chan 2nd Season) Episode 10 - Animelon - Chromium
31/10/2024 16:18:41 [INFO] ID: 
31/10/2024 16:18:41 [INFO] 0x30fb0
31/10/2024 16:18:41 [INFO]  | Title: 
31/10/2024 16:18:41 [INFO] Mandarine d16fa96 | Pokemon Y | Primary Window
31/10/2024 16:18:41 [INFO] ID: 
31/10/2024 16:18:41 [INFO] 0x171078
31/10/2024 16:18:41 [INFO]  | Title: 
31/10/2024 16:18:41 [INFO] Mandarine d16fa96 | Pokemon Y
31/10/2024 16:18:41 [INFO] ID: 
31/10/2024 16:18:41 [INFO] 0x110d80
31/10/2024 16:18:41 [INFO]  | Title: 
31/10/2024 16:18:41 [INFO] 葉山舞鈴 / Ohayama Ch. - Gaming - 【風来のシレン6 plus / DLC後篇】ついに発売??超最難関99Fダンジョン？！「超・神髄」いくぞ。（ 1000回遊べるダンジョンRPG ）です【にじさんじ/葉山舞鈴】 -:-::https://www.youtube.com/watch?v=b42DcEzT7q4\ - mpv
31/10/2024 16:18:41 [INFO] ID: 
31/10/2024 16:18:41 [INFO] 0x1f037e
31/10/2024 16:18:41 [INFO]  | Title: 
31/10/2024 16:18:41 [INFO] LucyPyre - Just Chatting - PUT WITCHES IN THEIR PLACE?HAPPY HALLOWEEN I GET TO DO MY FAVORITE THING AND CURSE A LOT TODAY <3 !uwu !gg -:-::https://www.twitch.tv/lucypyre\ - mpv
31/10/2024 16:18:41 [INFO] ID: 
31/10/2024 16:18:41 [INFO] 0xc1058
31/10/2024 16:18:41 [INFO]  | Title: 
31/10/2024 16:18:41 [INFO] SisterLiriya - Pikmin 2 - Pikmin 2 Deathless -:-::https://www.twitch.tv/sisterliriya\ - mpv
31/10/2024 16:18:41 [INFO] ID: 
31/10/2024 16:18:41 [INFO] 0xa20050
31/10/2024 16:18:41 [INFO]  | Title: 
31/10/2024 16:18:41 [INFO] Watame Ch. 角巻わため - Entertainment - 【歌枠】第１１７回！Halloween わためぇ Night Fever!! Singing Stream??【角巻わため/ホロライブ４期生】 -:-::https://youtu.be/ylwWnxuVx68\ - mpv
31/10/2024 16:18:41 [INFO] ID: 
31/10/2024 16:18:41 [INFO] 0xb00c0
31/10/2024 16:18:41 [INFO]  | Title: 
31/10/2024 16:18:41 [INFO] Takanashi Kiara Ch. hololive-EN - Entertainment - 【3D STREAM】karaoke and call ins and costumes?! #kfp #キアライブ -:-::https://www.youtube.com/watch?v=lv_ORHPPCEw\ - mpv
31/10/2024 16:18:41 [INFO] ID: 
31/10/2024 16:18:41 [INFO] 0x111048
31/10/2024 16:18:41 [INFO]  | Title: 
31/10/2024 16:18:41 [INFO] New Tab - Google Chrome
31/10/2024 16:18:41 [INFO] ID: 
31/10/2024 16:18:41 [INFO] 0x1073c
31/10/2024 16:18:41 [INFO]  | Title: 
31/10/2024 16:18:41 [INFO] Window Search - Poe - Google Chrome
31/10/2024 16:18:41 [INFO] ID: 
31/10/2024 16:18:41 [INFO] 0x308ae
31/10/2024 16:18:41 [INFO]  | Title: 
31/10/2024 16:18:41 [INFO] Chatterino 2.4.3
31/10/2024 16:18:41 [INFO] ID: 
31/10/2024 16:18:41 [INFO] 0x60484
31/10/2024 16:18:41 [INFO]  | Title: 
31/10/2024 16:18:41 [INFO] 小清水 透 / Koshimizu Toru【にじさんじ】 - Gaming - 【 遊戯王マスターデュエル 】??ろこてゃと対戦練習する！！#とろっこ組【小清水 透 / にじさんじ】#にじ遊戯王祭2024 -:-::https://www.youtube.com/watch?v=ESb8j2m-V2w\ - mpv
31/10/2024 16:18:41 [INFO] ID: 
31/10/2024 16:18:42 [INFO] 0x21088
31/10/2024 16:18:42 [INFO]  | Title: 
31/10/2024 16:18:42 [INFO] Poma Pon Ch.【V4Mirai】 - Gaming - 【Dead Space】I AM GOING TO PISS MYSELF【 Poma Pon | V4Mirai | ENVtuber 】 -:-::https://www.youtube.com/watch?v=lCz-4hRA6dA\ - mpv
31/10/2024 16:18:42 [INFO] ID: 
31/10/2024 16:18:42 [INFO] 0x230d3c
31/10/2024 16:18:42 [INFO]  | Title: 
31/10/2024 16:18:42 [INFO] (9) [s4s] - I work today on Halloween. I hope you all have a g - Sh*t 4chan Says - 4chan - Google Chrome
31/10/2024 16:18:42 [INFO] ID: 
31/10/2024 16:18:42 [INFO] 0x40394
31/10/2024 16:18:42 [INFO]  | Title: 
31/10/2024 16:18:42 [INFO] GetAsyncKeyState function (winuser.h) - Win32 apps | Microsoft Learn - Google Chrome
31/10/2024 16:18:42 [INFO] ID: 
31/10/2024 16:18:42 [INFO] 0x2088e
31/10/2024 16:18:42 [INFO]  | Title: 
31/10/2024 16:18:42 [INFO] bgi-input.c - dos - Visual Studio Code [Administrator]
31/10/2024 16:18:42 [INFO] ID: 
31/10/2024 16:18:42 [INFO] 0x30100
31/10/2024 16:18:42 [INFO]  | Title: 
31/10/2024 16:18:42 [INFO] Windows Input Experience
31/10/2024 16:18:42 [INFO] ID: 
31/10/2024 16:18:42 [INFO] 0x206d2
31/10/2024 16:18:42 [INFO]  | Title: 
31/10/2024 16:18:42 [INFO] User 1 - Anki
31/10/2024 16:18:42 [INFO] ID: 
31/10/2024 16:18:42 [INFO] 0x50fc2
31/10/2024 16:18:42 [INFO]  | Title: 
31/10/2024 16:18:42 [INFO] Zentreya - Just Chatting - ?? SHOCKTOBER ?? HAPPY HALLOWEEN  + HORROR ALL DAY! NEW OUTFIT? | !bits !tts | #VSHOJO -:-::https://www.twitch.tv/zentreya\ - mpv
31/10/2024 16:18:42 [INFO] ID: 
31/10/2024 16:18:42 [INFO] 0x3014a
31/10/2024 16:18:42 [INFO]  | Title: 
31/10/2024 16:18:42 [INFO] Program Manager
31/10/2024 16:18:42 [INFO] Testing Send function...

31/10/2024 16:18:42 [INFO] Testing ControlSend function...

31/10/2024 16:18:42 [INFO] Testing RegisterHotkey function...

31/10/2024 16:18:42 [INFO] Hotkey registered: 
31/10/2024 16:18:42 [INFO] Ctrl+Space
31/10/2024 16:18:42 [INFO] Testing AddHotkey function...

