[0;32m[SUCCESS] Clean completed[0m
[0;34m[INFO] Building in Debug mode...[0m
[1;33m[INFO] 🐛 Debug flags: -O0 -g -Wall -Wextra[0m
[1;33m[INFO] Creating build directory...[0m
[1;33m[INFO] Generating build files with CMake...[0m
-- The CXX compiler identification is GNU 15.1.1
-- Detecting CXX compiler ABI info
-- Detecting CXX compiler ABI info - done
-- Check for working CXX compiler: /bin/c++ - skipped
-- Detecting CXX compile features
-- Detecting CXX compile features - done
-- Forcing Clang compiler usage
-- Using GCC with optimizations
-- Found X11: /usr/include
-- Looking for XOpenDisplay in /usr/lib/libX11.so;/usr/lib/libXext.so
-- Looking for XOpenDisplay in /usr/lib/libX11.so;/usr/lib/libXext.so - found
-- Looking for gethostbyname
-- Looking for gethostbyname - found
-- Looking for connect
-- Looking for connect - found
-- Looking for remove
-- Looking for remove - found
-- Looking for shmat
-- Looking for shmat - found
-- Looking for IceConnectionNumber in ICE
-- Looking for IceConnectionNumber in ICE - found
-- Found Lua: /usr/lib/liblua5.4.so;/usr/lib/libm.so (found version "5.4.7")
-- Found PkgConfig: /bin/pkg-config (found version "2.4.3")
-- Checking for module 'cairo'
--   Found cairo, version 1.18.4
-- Found X11: /usr/include  found components: Xrandr Xtst
-- XRandR found, enabling multi-monitor support
-- Build type: Debug
-- C++ Compiler: clang++
-- C++ Standard: 23
-- Debug flags: -O0 -g -DDEBUG -Wall -Wextra
-- Found /home/half-arch/repos/havel
-- Core sources: /home/half-arch/repos/havel/src/core/AutoClicker.cpp;/home/half-arch/repos/havel/src/core/BrightnessManager.cpp;/home/half-arch/repos/havel/src/core/DisplayManager.cpp;/home/half-arch/repos/havel/src/core/HotkeyManager.cpp;/home/half-arch/repos/havel/src/core/IO.cpp;/home/half-arch/repos/havel/src/core/ScriptEngine.cpp;/home/half-arch/repos/havel/src/core/SocketServer.cpp;/home/half-arch/repos/havel/src/gui/Button.cpp;/home/half-arch/repos/havel/src/gui/Clipboard.cpp;/home/half-arch/repos/havel/src/gui/GUI.cpp;/home/half-arch/repos/havel/src/gui/ImageHandler.cpp;/home/half-arch/repos/havel/src/gui/InputBox.cpp;/home/half-arch/repos/havel/src/gui/Label.cpp;/home/half-arch/repos/havel/src/gui/MessageBox.cpp;/home/half-arch/repos/havel/src/gui/Screen.cpp;/home/half-arch/repos/havel/src/gui/Widget.cpp;/home/half-arch/repos/havel/src/havel-lang/ast/AST.cpp;/home/half-arch/repos/havel/src/havel-lang/lexer/Lexer.cpp;/home/half-arch/repos/havel/src/havel-lang/parser/Parser.cpp;/home/half-arch/repos/havel/src/havel-lang/runtime/Interpreter.cpp;/home/half-arch/repos/havel/src/havel-lang/tests/test_havel.cpp;/home/half-arch/repos/havel/src/main.cpp;/home/half-arch/repos/havel/src/media/MPVController.cpp;/home/half-arch/repos/havel/src/media/MediaControl.cpp;/home/half-arch/repos/havel/src/test.cpp;/home/half-arch/repos/havel/src/tests/hotkey_test.cpp;/home/half-arch/repos/havel/src/tests/io_modifier_test.cpp;/home/half-arch/repos/havel/src/tests/io_race_condition_test.cpp;/home/half-arch/repos/havel/src/tests/io_test.cpp;/home/half-arch/repos/havel/src/utils/Logger.cpp;/home/half-arch/repos/havel/src/utils/Printer.cpp;/home/half-arch/repos/havel/src/utils/Util.cpp;/home/half-arch/repos/havel/src/utils/Utils.cpp;/home/half-arch/repos/havel/src/window/CompizManager.cpp;/home/half-arch/repos/havel/src/window/Window.cpp;/home/half-arch/repos/havel/src/window/WindowManager.cpp;/home/half-arch/repos/havel/src/window/WindowManagerDetector.cpp;/home/half-arch/repos/havel/src/window/WindowMonitor.cpp
-- Havel sources: /home/half-arch/repos/havel/src/havel-lang/ast/AST.cpp;/home/half-arch/repos/havel/src/havel-lang/lexer/Lexer.cpp;/home/half-arch/repos/havel/src/havel-lang/parser/Parser.cpp;/home/half-arch/repos/havel/src/havel-lang/runtime/Interpreter.cpp;/home/half-arch/repos/havel/src/havel-lang/tests/test_havel.cpp
-- Configuring done (5.7s)
-- Generating done (0.1s)
-- Build files have been written to: /home/half-arch/repos/havel/build-debug
[0;32m[SUCCESS] CMake generation[0m
[1;33m[INFO] Building project with 4 parallel jobs...[0m
[  0%] Building CXX object CMakeFiles/hvc.dir/src/main.cpp.o
[  2%] Building CXX object CMakeFiles/hotkey_test.dir/src/tests/hotkey_test.cpp.o
[  1%] Building CXX object CMakeFiles/test_havel.dir/src/havel-lang/tests/test_havel.cpp.o
[  3%] Building CXX object CMakeFiles/havel_lang.dir/src/havel-lang/ast/AST.cpp.o
[  4%] Building CXX object CMakeFiles/hotkey_test.dir/src/tests/io_modifier_test.cpp.o
[  5%] Building CXX object CMakeFiles/test_havel.dir/src/havel-lang/ast/AST.cpp.o
[  6%] Building CXX object CMakeFiles/havel_lang.dir/src/havel-lang/lexer/Lexer.cpp.o
/home/half-arch/repos/havel/src/main.cpp:143:13: warning: unused variable 'moveSpeed' [-Wunused-variable]
  143 |         int moveSpeed = config.Get<int>("Window.MoveSpeed", 10);
      |             ^~~~~~~~~
[  7%] Building CXX object CMakeFiles/hotkey_test.dir/src/tests/io_race_condition_test.cpp.o
1 warning generated.
[  8%] Building CXX object CMakeFiles/hvc.dir/src/core/AutoClicker.cpp.o
[  8%] Building CXX object CMakeFiles/test_havel.dir/src/havel-lang/lexer/Lexer.cpp.o
[  9%] Building CXX object CMakeFiles/hvc.dir/src/core/BrightnessManager.cpp.o
[  9%] Building CXX object CMakeFiles/hotkey_test.dir/src/tests/io_test.cpp.o
[ 10%] Building CXX object CMakeFiles/havel_lang.dir/src/havel-lang/parser/Parser.cpp.o
/home/half-arch/repos/havel/src/tests/io_test.cpp:351:23: error: call to deleted constructor of 'std::atomic<bool>'
  351 |         []() { return MockCallbacks::callback_executed; },
      |                       ^~~~~~~~~~~~~~~~~~~~~~~~~~~~~~~~
/usr/bin/../lib64/gcc/x86_64-pc-linux-gnu/15.1.1/../../../../include/c++/15.1.1/atomic:81:5: note: 'atomic' has been explicitly marked deleted here
   81 |     atomic(const atomic&) = delete;
      |     ^
[ 11%] Building CXX object CMakeFiles/test_havel.dir/src/havel-lang/parser/Parser.cpp.o
1 error generated.
make[2]: *** [CMakeFiles/hotkey_test.dir/build.make:121: CMakeFiles/hotkey_test.dir/src/tests/io_test.cpp.o] Error 1
make[1]: *** [CMakeFiles/Makefile2:129: CMakeFiles/hotkey_test.dir/all] Error 2
make[1]: *** Waiting for unfinished jobs....
[ 12%] Building CXX object CMakeFiles/test_havel.dir/src/havel-lang/runtime/Interpreter.cpp.o
[ 13%] Building CXX object CMakeFiles/havel_lang.dir/src/havel-lang/runtime/Interpreter.cpp.o
[ 14%] Building CXX object CMakeFiles/hvc.dir/src/core/DisplayManager.cpp.o
[ 15%] Building CXX object CMakeFiles/test_havel.dir/src/core/AutoClicker.cpp.o
/home/half-arch/repos/havel/src/core/DisplayManager.cpp:19:48: warning: unused parameter 'display' [-Wunused-parameter]
   19 |                 XSetIOErrorHandler([](Display* display) -> int {
      |                                                ^
/home/half-arch/repos/havel/src/havel-lang/runtime/Interpreter.cpp:499:81: warning: unused parameter 'args' [-Wunused-parameter]
  499 |     windowModule->AddFunction("getTitle", [this](const std::vector<HavelValue>& args) -> HavelValue {
      |                                                                                 ^
/home/half-arch/repos/havel/src/havel-lang/runtime/Interpreter.cpp:509:81: warning: unused parameter 'args' [-Wunused-parameter]
  509 |     windowModule->AddFunction("getClass", [this](const std::vector<HavelValue>& args) -> HavelValue {
      |                                                                                 ^
/home/half-arch/repos/havel/src/havel-lang/runtime/Interpreter.cpp:499:81: warning: unused parameter 'args' [-Wunused-parameter]
  499 |     windowModule->AddFunction("getTitle", [this](const std::vector<HavelValue>& args) -> HavelValue {
      |                                                                                 ^
/home/half-arch/repos/havel/src/havel-lang/runtime/Interpreter.cpp:509:81: warning: unused parameter 'args' [-Wunused-parameter]
  509 |     windowModule->AddFunction("getClass", [this](const std::vector<HavelValue>& args) -> HavelValue {
      |                                                                                 ^
1 warning generated.
[ 16%] Building CXX object CMakeFiles/hvc.dir/src/core/HotkeyManager.cpp.o
2 warnings generated.
[ 16%] Building CXX object CMakeFiles/havel_lang.dir/src/havel-lang/tests/test_havel.cpp.o
2 warnings generated.
[ 17%] Building CXX object CMakeFiles/test_havel.dir/src/core/BrightnessManager.cpp.o
[ 18%] Building CXX object CMakeFiles/test_havel.dir/src/core/DisplayManager.cpp.o
/home/half-arch/repos/havel/src/core/DisplayManager.cpp:19:48: warning: unused parameter 'display' [-Wunused-parameter]
   19 |                 XSetIOErrorHandler([](Display* display) -> int {
      |                                                ^
1 warning generated.
[ 18%] Building CXX object CMakeFiles/test_havel.dir/src/core/HotkeyManager.cpp.o
[ 18%] Building CXX object CMakeFiles/hvc.dir/src/core/IO.cpp.o
[ 19%] Linking CXX static library libhavel_lang.a
/home/half-arch/repos/havel/src/core/HotkeyManager.cpp:43:7: warning: field 'brightnessManager' will be initialized after field 'verboseKeyLogging' [-Wreorder-ctor]
   42 |     : io(io), windowManager(windowManager), mpv(mpv), scriptEngine(scriptEngine),
      |       ~~~~~~  ~~~~~~~~~~~~~~~~~~~~~~~~~~~~  ~~~~~~~~  ~~~~~~~~~~~~~~~~~~~~~~~~~~
      |       verboseKeyLogging(false) verboseWindowLogging(false) io(io) windowManager(windowManager)
   43 |       brightnessManager(), verboseKeyLogging(false), verboseWindowLogging(false),
      |       ^~~~~~~~~~~~~~~~~~~  ~~~~~~~~~~~~~~~~~~~~~~~~  ~~~~~~~~~~~~~~~~~~~~~~~~~~~
      |       mpv(mpv)             scriptEngine(scriptEngine)brightnessManager()
/home/half-arch/repos/havel/src/core/HotkeyManager.cpp:171:25: warning: lambda capture 'this' is not used [-Wunused-lambda-capture]
  171 |     io.Hotkey("@ralt", [this]() {
      |                         ^~~~
/home/half-arch/repos/havel/src/core/HotkeyManager.cpp:207:23: warning: lambda capture 'this' is not used [-Wunused-lambda-capture]
  207 |     io.Hotkey("f10", [this]() {
      |                       ^~~~
/home/half-arch/repos/havel/src/core/HotkeyManager.cpp:240:26: warning: lambda capture 'this' is not used [-Wunused-lambda-capture]
  240 |     io.Hotkey("#right", [this]() {
      |                          ^~~~
/home/half-arch/repos/havel/src/core/HotkeyManager.cpp:261:43: warning: lambda capture 'this' is not used [-Wunused-lambda-capture]
  261 |         {"#Esc", {"Restart application", [this]() {
      |                                           ^~~~
/home/half-arch/repos/havel/src/core/HotkeyManager.cpp:401:10: warning: lambda capture 'this' is not used [-Wunused-lambda-capture]
  401 |         [this]() {
      |          ^~~~
/home/half-arch/repos/havel/src/core/HotkeyManager.cpp:1450:9: warning: variable 'numMonitors' set but not used [-Wunused-but-set-variable]
 1450 |     int numMonitors = 0;
      |         ^
/home/half-arch/repos/havel/src/core/HotkeyManager.cpp:1451:10: warning: variable 'multiMonitorSupport' set but not used [-Wunused-but-set-variable]
 1451 |     bool multiMonitorSupport = false;
      |          ^
[ 19%] Built target havel_lang
/home/half-arch/repos/havel/src/core/IO.cpp:260:14: warning: unused variable 'IsModifierKey' [-Wunused-variable]
  260 |         auto IsModifierKey = [](KeySym ks) -> bool {
      |              ^~~~~~~~~~~~~
/home/half-arch/repos/havel/src/core/IO.cpp:306:46: warning: comparison of integers of different signs: 'unsigned int' and 'const int' [-Wsign-compare]
  306 |                                 cleanedState == hotkey.modifiers) {
      |                                 ~~~~~~~~~~~~ ^  ~~~~~~~~~~~~~~~~
[ 20%] Building CXX object CMakeFiles/test_havel.dir/src/core/IO.cpp.o
/home/half-arch/repos/havel/src/core/IO.cpp:986:9: warning: missing field 'action' initializer [-Wmissing-designated-field-initializers]
  986 |         };
      |         ^
/home/half-arch/repos/havel/src/core/IO.cpp:1888:76: warning: comparison of integers of different signs: 'Key' (aka 'unsigned long') and 'int' [-Wsign-compare]
 1888 |                         if (!hotkey.enabled || !hotkey.evdev || hotkey.key !=
      |                                                                 ~~~~~~~~~~ ^
 1889 |                             code)
      |                             ~~~~
/home/half-arch/repos/havel/src/core/IO.cpp:260:14: warning: unused variable 'IsModifierKey' [-Wunused-variable]
  260 |         auto IsModifierKey = [](KeySym ks) -> bool {
      |              ^~~~~~~~~~~~~
/home/half-arch/repos/havel/src/core/IO.cpp:306:46: warning: comparison of integers of different signs: 'unsigned int' and 'const int' [-Wsign-compare]
  306 |                                 cleanedState == hotkey.modifiers) {
      |                                 ~~~~~~~~~~~~ ^  ~~~~~~~~~~~~~~~~
/home/half-arch/repos/havel/src/core/HotkeyManager.cpp:43:7: warning: field 'brightnessManager' will be initialized after field 'verboseKeyLogging' [-Wreorder-ctor]
   42 |     : io(io), windowManager(windowManager), mpv(mpv), scriptEngine(scriptEngine),
      |       ~~~~~~  ~~~~~~~~~~~~~~~~~~~~~~~~~~~~  ~~~~~~~~  ~~~~~~~~~~~~~~~~~~~~~~~~~~
      |       verboseKeyLogging(false) verboseWindowLogging(false) io(io) windowManager(windowManager)
   43 |       brightnessManager(), verboseKeyLogging(false), verboseWindowLogging(false),
      |       ^~~~~~~~~~~~~~~~~~~  ~~~~~~~~~~~~~~~~~~~~~~~~  ~~~~~~~~~~~~~~~~~~~~~~~~~~~
      |       mpv(mpv)             scriptEngine(scriptEngine)brightnessManager()
/home/half-arch/repos/havel/src/core/IO.cpp:986:9: warning: missing field 'action' initializer [-Wmissing-designated-field-initializers]
  986 |         };
      |         ^
/home/half-arch/repos/havel/src/core/IO.cpp:1888:76: warning: comparison of integers of different signs: 'Key' (aka 'unsigned long') and 'int' [-Wsign-compare]
 1888 |                         if (!hotkey.enabled || !hotkey.evdev || hotkey.key !=
      |                                                                 ~~~~~~~~~~ ^
 1889 |                             code)
      |                             ~~~~
/home/half-arch/repos/havel/src/core/HotkeyManager.cpp:171:25: warning: lambda capture 'this' is not used [-Wunused-lambda-capture]
  171 |     io.Hotkey("@ralt", [this]() {
      |                         ^~~~
/home/half-arch/repos/havel/src/core/HotkeyManager.cpp:207:23: warning: lambda capture 'this' is not used [-Wunused-lambda-capture]
  207 |     io.Hotkey("f10", [this]() {
      |                       ^~~~
/home/half-arch/repos/havel/src/core/HotkeyManager.cpp:240:26: warning: lambda capture 'this' is not used [-Wunused-lambda-capture]
  240 |     io.Hotkey("#right", [this]() {
      |                          ^~~~
/home/half-arch/repos/havel/src/core/HotkeyManager.cpp:261:43: warning: lambda capture 'this' is not used [-Wunused-lambda-capture]
  261 |         {"#Esc", {"Restart application", [this]() {
      |                                           ^~~~
/home/half-arch/repos/havel/src/core/HotkeyManager.cpp:401:10: warning: lambda capture 'this' is not used [-Wunused-lambda-capture]
  401 |         [this]() {
      |          ^~~~
4 warnings generated.
[ 21%] Building CXX object CMakeFiles/hvc.dir/src/core/ScriptEngine.cpp.o
/home/half-arch/repos/havel/src/core/HotkeyManager.cpp:1450:9: warning: variable 'numMonitors' set but not used [-Wunused-but-set-variable]
 1450 |     int numMonitors = 0;
      |         ^
/home/half-arch/repos/havel/src/core/HotkeyManager.cpp:1451:10: warning: variable 'multiMonitorSupport' set but not used [-Wunused-but-set-variable]
 1451 |     bool multiMonitorSupport = false;
      |          ^
4 warnings generated.
[ 22%] Building CXX object CMakeFiles/test_havel.dir/src/core/ScriptEngine.cpp.o
8 warnings generated.
8 warnings generated.
[ 23%] Building CXX object CMakeFiles/test_havel.dir/src/gui/Button.cpp.o
[ 24%] Building CXX object CMakeFiles/test_havel.dir/src/core/SocketServer.cpp.o
[ 25%] Building CXX object CMakeFiles/hvc.dir/src/core/SocketServer.cpp.o
[ 25%] Building CXX object CMakeFiles/test_havel.dir/src/gui/Clipboard.cpp.o
/home/half-arch/repos/havel/src/gui/Clipboard.cpp:107:54: error: reference to non-static member function must be called; did you mean to call it with no arguments?
  107 |     std::string& selText = pImpl->data[selection][0].data;
      |                            ~~~~~~~~~~~~~~~~~~~~~~~~~~^~~~
      |                                                          ()
/home/half-arch/repos/havel/src/gui/Clipboard.cpp:18:22: note: possible target for call
   18 |         std::string& data() { return text_data; }
      |                      ^
/home/half-arch/repos/havel/src/gui/Clipboard.cpp:19:28: note: possible target for call
   19 |         const std::string& data() const { return text_data; }
      |                            ^
/home/half-arch/repos/havel/src/gui/Clipboard.cpp:126:60: error: reference to non-static member function must be called; did you mean to call it with no arguments?
  126 |     const std::string& selText = pImpl->data[selection][0].data;
      |                                  ~~~~~~~~~~~~~~~~~~~~~~~~~~^~~~
      |                                                                ()
/home/half-arch/repos/havel/src/gui/Clipboard.cpp:18:22: note: possible target for call
   18 |         std::string& data() { return text_data; }
      |                      ^
/home/half-arch/repos/havel/src/gui/Clipboard.cpp:19:28: note: possible target for call
   19 |         const std::string& data() const { return text_data; }
      |                            ^
/home/half-arch/repos/havel/src/gui/Clipboard.cpp:191:16: error: cannot create a non-constant pointer to member function
  191 |         text = &pImpl->data[Selection::CLIPBOARD][0].data;
      |                ^~~~~~~~~~~~~~~~~~~~~~~~~~~~~~~~~~~~~~~~~~
/home/half-arch/repos/havel/src/gui/Clipboard.cpp:193:16: error: cannot create a non-constant pointer to member function
  193 |         text = &pImpl->data[Selection::PRIMARY][0].data;
      |                ^~~~~~~~~~~~~~~~~~~~~~~~~~~~~~~~~~~~~~~~
/home/half-arch/repos/havel/src/gui/Clipboard.cpp:195:16: error: cannot create a non-constant pointer to member function
  195 |         text = &pImpl->data[Selection::SECONDARY][0].data;
      |                ^~~~~~~~~~~~~~~~~~~~~~~~~~~~~~~~~~~~~~~~~~
/home/half-arch/repos/havel/src/gui/Clipboard.cpp:223:56: warning: unused parameter 'event' [-Wunused-parameter]
  223 | void Clipboard::HandleSelectionNotify(XSelectionEvent* event) {
      |                                                        ^
/home/half-arch/repos/havel/src/gui/Clipboard.cpp:246:9: error: no viable conversion from 'typename std::remove_reference<vector<unsigned char> &>::type' (aka 'std::vector<unsigned char>') to 'std::string' (aka 'basic_string<char>')
  246 |         std::move(pngData),
      |         ^~~~~~~~~~~~~~~~~~
/usr/bin/../lib64/gcc/x86_64-pc-linux-gnu/15.1.1/../../../../include/c++/15.1.1/bits/basic_string.h:613:7: note: candidate constructor not viable: no known conversion from 'typename std::remove_reference<vector<unsigned char> &>::type' (aka 'std::vector<unsigned char>') to 'const basic_string<char> &' for 1st argument
  613 |       basic_string(const basic_string& __str)
      |       ^            ~~~~~~~~~~~~~~~~~~~~~~~~~
/usr/bin/../lib64/gcc/x86_64-pc-linux-gnu/15.1.1/../../../../include/c++/15.1.1/bits/basic_string.h:706:7: note: candidate constructor template not viable: no known conversion from 'typename std::remove_reference<vector<unsigned char> &>::type' (aka 'std::vector<unsigned char>') to 'const char *' for 1st argument
  706 |       basic_string(const _CharT* __s, const _Alloc& __a = _Alloc())
      |       ^            ~~~~~~~~~~~~~~~~~
/usr/bin/../lib64/gcc/x86_64-pc-linux-gnu/15.1.1/../../../../include/c++/15.1.1/bits/basic_string.h:742:7: note: candidate constructor not viable: no known conversion from 'typename std::remove_reference<vector<unsigned char> &>::type' (aka 'std::vector<unsigned char>') to 'basic_string<char> &&' for 1st argument
  742 |       basic_string(basic_string&& __str) noexcept
      |       ^            ~~~~~~~~~~~~~~~~~~~~
/usr/bin/../lib64/gcc/x86_64-pc-linux-gnu/15.1.1/../../../../include/c++/15.1.1/bits/basic_string.h:798:7: note: candidate constructor not viable: no known conversion from 'typename std::remove_reference<vector<unsigned char> &>::type' (aka 'std::vector<unsigned char>') to 'initializer_list<char>' for 1st argument
  798 |       basic_string(initializer_list<_CharT> __l, const _Alloc& __a = _Alloc())
      |       ^            ~~~~~~~~~~~~~~~~~~~~~~~~~~~~
/usr/bin/../lib64/gcc/x86_64-pc-linux-gnu/15.1.1/../../../../include/c++/15.1.1/bits/basic_string.h:835:7: note: candidate constructor not viable: no known conversion from 'typename std::remove_reference<vector<unsigned char> &>::type' (aka 'std::vector<unsigned char>') to 'nullptr_t' (aka 'std::nullptr_t') for 1st argument
  835 |       basic_string(nullptr_t) = delete;
      |       ^            ~~~~~~~~~
/usr/bin/../lib64/gcc/x86_64-pc-linux-gnu/15.1.1/../../../../include/c++/15.1.1/bits/basic_string.h:601:7: note: explicit constructor is not a candidate
  601 |       basic_string(const _Alloc& __a) _GLIBCXX_NOEXCEPT
      |       ^
/usr/bin/../lib64/gcc/x86_64-pc-linux-gnu/15.1.1/../../../../include/c++/15.1.1/bits/basic_string.h:887:2: note: explicit constructor is not a candidate
  887 |         basic_string(const _Tp& __t, const _Alloc& __a = _Alloc())
      |         ^
/home/half-arch/repos/havel/src/gui/Clipboard.cpp:247:9: error: no viable conversion from 'havel::Clipboard::Format' to 'std::vector<uint8_t>' (aka 'vector<unsigned char>')
  247 |         Format::IMAGE_PNG,
      |         ^~~~~~~~~~~~~~~~~
/usr/bin/../lib64/gcc/x86_64-pc-linux-gnu/15.1.1/../../../../include/c++/15.1.1/bits/stl_vector.h:631:7: note: candidate constructor not viable: no known conversion from 'havel::Clipboard::Format' to 'const vector<unsigned char> &' for 1st argument
  631 |       vector(const vector& __x)
      |       ^      ~~~~~~~~~~~~~~~~~
/usr/bin/../lib64/gcc/x86_64-pc-linux-gnu/15.1.1/../../../../include/c++/15.1.1/bits/stl_vector.h:650:7: note: candidate constructor not viable: no known conversion from 'havel::Clipboard::Format' to 'vector<unsigned char> &&' for 1st argument
  650 |       vector(vector&&) noexcept = default;
      |       ^      ~~~~~~~~
/usr/bin/../lib64/gcc/x86_64-pc-linux-gnu/15.1.1/../../../../include/c++/15.1.1/bits/stl_vector.h:708:7: note: candidate constructor not viable: no known conversion from 'havel::Clipboard::Format' to 'initializer_list<value_type>' (aka 'initializer_list<unsigned char>') for 1st argument
  708 |       vector(initializer_list<value_type> __l,
      |       ^      ~~~~~~~~~~~~~~~~~~~~~~~~~~~~~~~~
/usr/bin/../lib64/gcc/x86_64-pc-linux-gnu/15.1.1/../../../../include/c++/15.1.1/bits/stl_vector.h:572:7: note: explicit constructor is not a candidate
  572 |       vector(const allocator_type& __a) _GLIBCXX_NOEXCEPT
      |       ^
/usr/bin/../lib64/gcc/x86_64-pc-linux-gnu/15.1.1/../../../../include/c++/15.1.1/bits/stl_vector.h:586:7: note: explicit constructor is not a candidate
  586 |       vector(size_type __n, const allocator_type& __a = allocator_type())
      |       ^
/home/half-arch/repos/havel/src/gui/Clipboard.cpp:248:9: error: cannot initialize a member subobject of type 'Clipboard::Format' with an lvalue of type 'const char[10]'
  248 |         "image/png"
      |         ^~~~~~~~~~~
/home/half-arch/repos/havel/src/gui/Clipboard.cpp:262:21: error: too many arguments to function call, expected 0, have 1
  262 |     return GetImage(Selection::CLIPBOARD);
      |            ~~~~~~~~ ^~~~~~~~~~~~~~~~~~~~
/home/half-arch/repos/havel/src/gui/Clipboard.cpp:261:72: note: 'GetImage' declared here
  261 | std::unique_ptr<cairo_surface_t, void(*)(cairo_surface_t*)> Clipboard::GetImage() const {
      |                                                                        ^
/home/half-arch/repos/havel/src/gui/Clipboard.cpp:266:12: error: out-of-line definition of 'GetImage' does not match any declaration in 'havel::Clipboard'
  266 | Clipboard::GetImage(Selection selection) const {
      |            ^~~~~~~~
/home/half-arch/repos/havel/src/gui/Clipboard.cpp:319:9: error: no viable conversion from 'std::vector<uint8_t>' (aka 'vector<unsigned char>') to 'std::string' (aka 'basic_string<char>')
  319 |         std::vector<uint8_t>(ss.str().begin(), ss.str().end()),
      |         ^~~~~~~~~~~~~~~~~~~~~~~~~~~~~~~~~~~~~~~~~~~~~~~~~~~~~~
/usr/bin/../lib64/gcc/x86_64-pc-linux-gnu/15.1.1/../../../../include/c++/15.1.1/bits/basic_string.h:613:7: note: candidate constructor not viable: no known conversion from 'std::vector<uint8_t>' (aka 'vector<unsigned char>') to 'const basic_string<char> &' for 1st argument
  613 |       basic_string(const basic_string& __str)
      |       ^            ~~~~~~~~~~~~~~~~~~~~~~~~~
/usr/bin/../lib64/gcc/x86_64-pc-linux-gnu/15.1.1/../../../../include/c++/15.1.1/bits/basic_string.h:706:7: note: candidate constructor template not viable: no known conversion from 'std::vector<uint8_t>' (aka 'vector<unsigned char>') to 'const char *' for 1st argument
  706 |       basic_string(const _CharT* __s, const _Alloc& __a = _Alloc())
      |       ^            ~~~~~~~~~~~~~~~~~
/usr/bin/../lib64/gcc/x86_64-pc-linux-gnu/15.1.1/../../../../include/c++/15.1.1/bits/basic_string.h:742:7: note: candidate constructor not viable: no known conversion from 'std::vector<uint8_t>' (aka 'vector<unsigned char>') to 'basic_string<char> &&' for 1st argument
  742 |       basic_string(basic_string&& __str) noexcept
      |       ^            ~~~~~~~~~~~~~~~~~~~~
/usr/bin/../lib64/gcc/x86_64-pc-linux-gnu/15.1.1/../../../../include/c++/15.1.1/bits/basic_string.h:798:7: note: candidate constructor not viable: no known conversion from 'std::vector<uint8_t>' (aka 'vector<unsigned char>') to 'initializer_list<char>' for 1st argument
  798 |       basic_string(initializer_list<_CharT> __l, const _Alloc& __a = _Alloc())
      |       ^            ~~~~~~~~~~~~~~~~~~~~~~~~~~~~
/usr/bin/../lib64/gcc/x86_64-pc-linux-gnu/15.1.1/../../../../include/c++/15.1.1/bits/basic_string.h:835:7: note: candidate constructor not viable: no known conversion from 'std::vector<uint8_t>' (aka 'vector<unsigned char>') to 'nullptr_t' (aka 'std::nullptr_t') for 1st argument
  835 |       basic_string(nullptr_t) = delete;
      |       ^            ~~~~~~~~~
/usr/bin/../lib64/gcc/x86_64-pc-linux-gnu/15.1.1/../../../../include/c++/15.1.1/bits/basic_string.h:601:7: note: explicit constructor is not a candidate
  601 |       basic_string(const _Alloc& __a) _GLIBCXX_NOEXCEPT
      |       ^
/usr/bin/../lib64/gcc/x86_64-pc-linux-gnu/15.1.1/../../../../include/c++/15.1.1/bits/basic_string.h:887:2: note: explicit constructor is not a candidate
  887 |         basic_string(const _Tp& __t, const _Alloc& __a = _Alloc())
      |         ^
/home/half-arch/repos/havel/src/gui/Clipboard.cpp:320:9: error: no viable conversion from 'havel::Clipboard::Format' to 'std::vector<uint8_t>' (aka 'vector<unsigned char>')
  320 |         Format::URI_LIST,
      |         ^~~~~~~~~~~~~~~~
/usr/bin/../lib64/gcc/x86_64-pc-linux-gnu/15.1.1/../../../../include/c++/15.1.1/bits/stl_vector.h:631:7: note: candidate constructor not viable: no known conversion from 'havel::Clipboard::Format' to 'const vector<unsigned char> &' for 1st argument
  631 |       vector(const vector& __x)
      |       ^      ~~~~~~~~~~~~~~~~~
/usr/bin/../lib64/gcc/x86_64-pc-linux-gnu/15.1.1/../../../../include/c++/15.1.1/bits/stl_vector.h:650:7: note: candidate constructor not viable: no known conversion from 'havel::Clipboard::Format' to 'vector<unsigned char> &&' for 1st argument
  650 |       vector(vector&&) noexcept = default;
      |       ^      ~~~~~~~~
/usr/bin/../lib64/gcc/x86_64-pc-linux-gnu/15.1.1/../../../../include/c++/15.1.1/bits/stl_vector.h:708:7: note: candidate constructor not viable: no known conversion from 'havel::Clipboard::Format' to 'initializer_list<value_type>' (aka 'initializer_list<unsigned char>') for 1st argument
  708 |       vector(initializer_list<value_type> __l,
      |       ^      ~~~~~~~~~~~~~~~~~~~~~~~~~~~~~~~~
/usr/bin/../lib64/gcc/x86_64-pc-linux-gnu/15.1.1/../../../../include/c++/15.1.1/bits/stl_vector.h:572:7: note: explicit constructor is not a candidate
  572 |       vector(const allocator_type& __a) _GLIBCXX_NOEXCEPT
      |       ^
/usr/bin/../lib64/gcc/x86_64-pc-linux-gnu/15.1.1/../../../../include/c++/15.1.1/bits/stl_vector.h:586:7: note: explicit constructor is not a candidate
  586 |       vector(size_type __n, const allocator_type& __a = allocator_type())
      |       ^
/home/half-arch/repos/havel/src/gui/Clipboard.cpp:321:9: error: cannot initialize a member subobject of type 'Clipboard::Format' with an lvalue of type 'const char[14]'
  321 |         "text/uri-list"
      |         ^~~~~~~~~~~~~~~
/home/half-arch/repos/havel/src/gui/Clipboard.cpp:334:21: error: too many arguments to function call, expected 0, have 1
  334 |     return GetFiles(Selection::CLIPBOARD);
      |            ~~~~~~~~ ^~~~~~~~~~~~~~~~~~~~
/home/half-arch/repos/havel/src/gui/Clipboard.cpp:333:37: note: 'GetFiles' declared here
  333 | std::vector<std::string> Clipboard::GetFiles() const {
      |                                     ^
/home/half-arch/repos/havel/src/gui/Clipboard.cpp:337:37: error: out-of-line definition of 'GetFiles' does not match any declaration in 'havel::Clipboard'
  337 | std::vector<std::string> Clipboard::GetFiles(Selection selection) const {
      |                                     ^~~~~~~~
/home/half-arch/repos/havel/src/gui/Clipboard.cpp:360:9: error: no viable conversion from 'std::vector<uint8_t>' (aka 'vector<unsigned char>') to 'std::string' (aka 'basic_string<char>')
  360 |         std::vector<uint8_t>(html.begin(), html.end()),
      |         ^~~~~~~~~~~~~~~~~~~~~~~~~~~~~~~~~~~~~~~~~~~~~~
/usr/bin/../lib64/gcc/x86_64-pc-linux-gnu/15.1.1/../../../../include/c++/15.1.1/bits/basic_string.h:613:7: note: candidate constructor not viable: no known conversion from 'std::vector<uint8_t>' (aka 'vector<unsigned char>') to 'const basic_string<char> &' for 1st argument
  613 |       basic_string(const basic_string& __str)
      |       ^            ~~~~~~~~~~~~~~~~~~~~~~~~~
/usr/bin/../lib64/gcc/x86_64-pc-linux-gnu/15.1.1/../../../../include/c++/15.1.1/bits/basic_string.h:706:7: note: candidate constructor template not viable: no known conversion from 'std::vector<uint8_t>' (aka 'vector<unsigned char>') to 'const char *' for 1st argument
  706 |       basic_string(const _CharT* __s, const _Alloc& __a = _Alloc())
      |       ^            ~~~~~~~~~~~~~~~~~
/usr/bin/../lib64/gcc/x86_64-pc-linux-gnu/15.1.1/../../../../include/c++/15.1.1/bits/basic_string.h:742:7: note: candidate constructor not viable: no known conversion from 'std::vector<uint8_t>' (aka 'vector<unsigned char>') to 'basic_string<char> &&' for 1st argument
  742 |       basic_string(basic_string&& __str) noexcept
      |       ^            ~~~~~~~~~~~~~~~~~~~~
/usr/bin/../lib64/gcc/x86_64-pc-linux-gnu/15.1.1/../../../../include/c++/15.1.1/bits/basic_string.h:798:7: note: candidate constructor not viable: no known conversion from 'std::vector<uint8_t>' (aka 'vector<unsigned char>') to 'initializer_list<char>' for 1st argument
  798 |       basic_string(initializer_list<_CharT> __l, const _Alloc& __a = _Alloc())
      |       ^            ~~~~~~~~~~~~~~~~~~~~~~~~~~~~
/usr/bin/../lib64/gcc/x86_64-pc-linux-gnu/15.1.1/../../../../include/c++/15.1.1/bits/basic_string.h:835:7: note: candidate constructor not viable: no known conversion from 'std::vector<uint8_t>' (aka 'vector<unsigned char>') to 'nullptr_t' (aka 'std::nullptr_t') for 1st argument
  835 |       basic_string(nullptr_t) = delete;
      |       ^            ~~~~~~~~~
/usr/bin/../lib64/gcc/x86_64-pc-linux-gnu/15.1.1/../../../../include/c++/15.1.1/bits/basic_string.h:601:7: note: explicit constructor is not a candidate
  601 |       basic_string(const _Alloc& __a) _GLIBCXX_NOEXCEPT
      |       ^
/usr/bin/../lib64/gcc/x86_64-pc-linux-gnu/15.1.1/../../../../include/c++/15.1.1/bits/basic_string.h:887:2: note: explicit constructor is not a candidate
  887 |         basic_string(const _Tp& __t, const _Alloc& __a = _Alloc())
      |         ^
/home/half-arch/repos/havel/src/gui/Clipboard.cpp:361:9: error: no viable conversion from 'havel::Clipboard::Format' to 'std::vector<uint8_t>' (aka 'vector<unsigned char>')
  361 |         Format::HTML,
      |         ^~~~~~~~~~~~
/usr/bin/../lib64/gcc/x86_64-pc-linux-gnu/15.1.1/../../../../include/c++/15.1.1/bits/stl_vector.h:631:7: note: candidate constructor not viable: no known conversion from 'havel::Clipboard::Format' to 'const vector<unsigned char> &' for 1st argument
  631 |       vector(const vector& __x)
      |       ^      ~~~~~~~~~~~~~~~~~
/usr/bin/../lib64/gcc/x86_64-pc-linux-gnu/15.1.1/../../../../include/c++/15.1.1/bits/stl_vector.h:650:7: note: candidate constructor not viable: no known conversion from 'havel::Clipboard::Format' to 'vector<unsigned char> &&' for 1st argument
  650 |       vector(vector&&) noexcept = default;
      |       ^      ~~~~~~~~
/usr/bin/../lib64/gcc/x86_64-pc-linux-gnu/15.1.1/../../../../include/c++/15.1.1/bits/stl_vector.h:708:7: note: candidate constructor not viable: no known conversion from 'havel::Clipboard::Format' to 'initializer_list<value_type>' (aka 'initializer_list<unsigned char>') for 1st argument
  708 |       vector(initializer_list<value_type> __l,
      |       ^      ~~~~~~~~~~~~~~~~~~~~~~~~~~~~~~~~
/usr/bin/../lib64/gcc/x86_64-pc-linux-gnu/15.1.1/../../../../include/c++/15.1.1/bits/stl_vector.h:572:7: note: explicit constructor is not a candidate
  572 |       vector(const allocator_type& __a) _GLIBCXX_NOEXCEPT
      |       ^
/usr/bin/../lib64/gcc/x86_64-pc-linux-gnu/15.1.1/../../../../include/c++/15.1.1/bits/stl_vector.h:586:7: note: explicit constructor is not a candidate
  586 |       vector(size_type __n, const allocator_type& __a = allocator_type())
      |       ^
/home/half-arch/repos/havel/src/gui/Clipboard.cpp:362:9: error: cannot initialize a member subobject of type 'Clipboard::Format' with an lvalue of type 'const char[10]'
  362 |         "text/html"
      |         ^~~~~~~~~~~
/home/half-arch/repos/havel/src/gui/Clipboard.cpp:384:9: error: no viable conversion from 'const std::vector<uint8_t>' (aka 'const vector<unsigned char>') to 'std::string' (aka 'basic_string<char>')
  384 |         data,
      |         ^~~~
/usr/bin/../lib64/gcc/x86_64-pc-linux-gnu/15.1.1/../../../../include/c++/15.1.1/bits/basic_string.h:613:7: note: candidate constructor not viable: no known conversion from 'const std::vector<uint8_t>' (aka 'const vector<unsigned char>') to 'const basic_string<char> &' for 1st argument
  613 |       basic_string(const basic_string& __str)
      |       ^            ~~~~~~~~~~~~~~~~~~~~~~~~~
/usr/bin/../lib64/gcc/x86_64-pc-linux-gnu/15.1.1/../../../../include/c++/15.1.1/bits/basic_string.h:706:7: note: candidate constructor template not viable: no known conversion from 'const std::vector<uint8_t>' (aka 'const vector<unsigned char>') to 'const char *' for 1st argument
  706 |       basic_string(const _CharT* __s, const _Alloc& __a = _Alloc())
      |       ^            ~~~~~~~~~~~~~~~~~
/usr/bin/../lib64/gcc/x86_64-pc-linux-gnu/15.1.1/../../../../include/c++/15.1.1/bits/basic_string.h:742:7: note: candidate constructor not viable: no known conversion from 'const std::vector<uint8_t>' (aka 'const vector<unsigned char>') to 'basic_string<char> &&' for 1st argument
  742 |       basic_string(basic_string&& __str) noexcept
      |       ^            ~~~~~~~~~~~~~~~~~~~~
/usr/bin/../lib64/gcc/x86_64-pc-linux-gnu/15.1.1/../../../../include/c++/15.1.1/bits/basic_string.h:798:7: note: candidate constructor not viable: no known conversion from 'const std::vector<uint8_t>' (aka 'const vector<unsigned char>') to 'initializer_list<char>' for 1st argument
  798 |       basic_string(initializer_list<_CharT> __l, const _Alloc& __a = _Alloc())
      |       ^            ~~~~~~~~~~~~~~~~~~~~~~~~~~~~
/usr/bin/../lib64/gcc/x86_64-pc-linux-gnu/15.1.1/../../../../include/c++/15.1.1/bits/basic_string.h:835:7: note: candidate constructor not viable: no known conversion from 'const std::vector<uint8_t>' (aka 'const vector<unsigned char>') to 'nullptr_t' (aka 'std::nullptr_t') for 1st argument
  835 |       basic_string(nullptr_t) = delete;
      |       ^            ~~~~~~~~~
/usr/bin/../lib64/gcc/x86_64-pc-linux-gnu/15.1.1/../../../../include/c++/15.1.1/bits/basic_string.h:601:7: note: explicit constructor is not a candidate
  601 |       basic_string(const _Alloc& __a) _GLIBCXX_NOEXCEPT
      |       ^
/usr/bin/../lib64/gcc/x86_64-pc-linux-gnu/15.1.1/../../../../include/c++/15.1.1/bits/basic_string.h:887:2: note: explicit constructor is not a candidate
  887 |         basic_string(const _Tp& __t, const _Alloc& __a = _Alloc())
      |         ^
fatal error: too many errors emitted, stopping now [-ferror-limit=]
1 warning and 20 errors generated.
make[2]: *** [CMakeFiles/test_havel.dir/build.make:261: CMakeFiles/test_havel.dir/src/gui/Clipboard.cpp.o] Error 1
make[2]: *** Waiting for unfinished jobs....
[ 26%] Building CXX object CMakeFiles/hvc.dir/src/gui/Button.cpp.o
[ 27%] Building CXX object CMakeFiles/hvc.dir/src/gui/Clipboard.cpp.o
[ 27%] Building CXX object CMakeFiles/hvc.dir/src/gui/GUI.cpp.o
/home/half-arch/repos/havel/src/gui/Clipboard.cpp:107:54: error: reference to non-static member function must be called; did you mean to call it with no arguments?
  107 |     std::string& selText = pImpl->data[selection][0].data;
      |                            ~~~~~~~~~~~~~~~~~~~~~~~~~~^~~~
      |                                                          ()
/home/half-arch/repos/havel/src/gui/Clipboard.cpp:18:22: note: possible target for call
   18 |         std::string& data() { return text_data; }
      |                      ^
/home/half-arch/repos/havel/src/gui/Clipboard.cpp:19:28: note: possible target for call
   19 |         const std::string& data() const { return text_data; }
      |                            ^
/home/half-arch/repos/havel/src/gui/Clipboard.cpp:126:60: error: reference to non-static member function must be called; did you mean to call it with no arguments?
  126 |     const std::string& selText = pImpl->data[selection][0].data;
      |                                  ~~~~~~~~~~~~~~~~~~~~~~~~~~^~~~
      |                                                                ()
/home/half-arch/repos/havel/src/gui/Clipboard.cpp:18:22: note: possible target for call
   18 |         std::string& data() { return text_data; }
      |                      ^
/home/half-arch/repos/havel/src/gui/Clipboard.cpp:19:28: note: possible target for call
   19 |         const std::string& data() const { return text_data; }
      |                            ^
/home/half-arch/repos/havel/src/gui/Clipboard.cpp:191:16: error: cannot create a non-constant pointer to member function
  191 |         text = &pImpl->data[Selection::CLIPBOARD][0].data;
      |                ^~~~~~~~~~~~~~~~~~~~~~~~~~~~~~~~~~~~~~~~~~
/home/half-arch/repos/havel/src/gui/Clipboard.cpp:193:16: error: cannot create a non-constant pointer to member function
  193 |         text = &pImpl->data[Selection::PRIMARY][0].data;
      |                ^~~~~~~~~~~~~~~~~~~~~~~~~~~~~~~~~~~~~~~~
/home/half-arch/repos/havel/src/gui/Clipboard.cpp:195:16: error: cannot create a non-constant pointer to member function
  195 |         text = &pImpl->data[Selection::SECONDARY][0].data;
      |                ^~~~~~~~~~~~~~~~~~~~~~~~~~~~~~~~~~~~~~~~~~
/home/half-arch/repos/havel/src/gui/Clipboard.cpp:223:56: warning: unused parameter 'event' [-Wunused-parameter]
  223 | void Clipboard::HandleSelectionNotify(XSelectionEvent* event) {
      |                                                        ^
/home/half-arch/repos/havel/src/gui/Clipboard.cpp:246:9: error: no viable conversion from 'typename std::remove_reference<vector<unsigned char> &>::type' (aka 'std::vector<unsigned char>') to 'std::string' (aka 'basic_string<char>')
  246 |         std::move(pngData),
      |         ^~~~~~~~~~~~~~~~~~
/usr/bin/../lib64/gcc/x86_64-pc-linux-gnu/15.1.1/../../../../include/c++/15.1.1/bits/basic_string.h:613:7: note: candidate constructor not viable: no known conversion from 'typename std::remove_reference<vector<unsigned char> &>::type' (aka 'std::vector<unsigned char>') to 'const basic_string<char> &' for 1st argument
  613 |       basic_string(const basic_string& __str)
      |       ^            ~~~~~~~~~~~~~~~~~~~~~~~~~
/usr/bin/../lib64/gcc/x86_64-pc-linux-gnu/15.1.1/../../../../include/c++/15.1.1/bits/basic_string.h:706:7: note: candidate constructor template not viable: no known conversion from 'typename std::remove_reference<vector<unsigned char> &>::type' (aka 'std::vector<unsigned char>') to 'const char *' for 1st argument
  706 |       basic_string(const _CharT* __s, const _Alloc& __a = _Alloc())
      |       ^            ~~~~~~~~~~~~~~~~~
/usr/bin/../lib64/gcc/x86_64-pc-linux-gnu/15.1.1/../../../../include/c++/15.1.1/bits/basic_string.h:742:7: note: candidate constructor not viable: no known conversion from 'typename std::remove_reference<vector<unsigned char> &>::type' (aka 'std::vector<unsigned char>') to 'basic_string<char> &&' for 1st argument
  742 |       basic_string(basic_string&& __str) noexcept
      |       ^            ~~~~~~~~~~~~~~~~~~~~
/usr/bin/../lib64/gcc/x86_64-pc-linux-gnu/15.1.1/../../../../include/c++/15.1.1/bits/basic_string.h:798:7: note: candidate constructor not viable: no known conversion from 'typename std::remove_reference<vector<unsigned char> &>::type' (aka 'std::vector<unsigned char>') to 'initializer_list<char>' for 1st argument
  798 |       basic_string(initializer_list<_CharT> __l, const _Alloc& __a = _Alloc())
      |       ^            ~~~~~~~~~~~~~~~~~~~~~~~~~~~~
/usr/bin/../lib64/gcc/x86_64-pc-linux-gnu/15.1.1/../../../../include/c++/15.1.1/bits/basic_string.h:835:7: note: candidate constructor not viable: no known conversion from 'typename std::remove_reference<vector<unsigned char> &>::type' (aka 'std::vector<unsigned char>') to 'nullptr_t' (aka 'std::nullptr_t') for 1st argument
  835 |       basic_string(nullptr_t) = delete;
      |       ^            ~~~~~~~~~
/usr/bin/../lib64/gcc/x86_64-pc-linux-gnu/15.1.1/../../../../include/c++/15.1.1/bits/basic_string.h:601:7: note: explicit constructor is not a candidate
  601 |       basic_string(const _Alloc& __a) _GLIBCXX_NOEXCEPT
      |       ^
/usr/bin/../lib64/gcc/x86_64-pc-linux-gnu/15.1.1/../../../../include/c++/15.1.1/bits/basic_string.h:887:2: note: explicit constructor is not a candidate
  887 |         basic_string(const _Tp& __t, const _Alloc& __a = _Alloc())
      |         ^
/home/half-arch/repos/havel/src/gui/Clipboard.cpp:247:9: error: no viable conversion from 'havel::Clipboard::Format' to 'std::vector<uint8_t>' (aka 'vector<unsigned char>')
  247 |         Format::IMAGE_PNG,
      |         ^~~~~~~~~~~~~~~~~
/usr/bin/../lib64/gcc/x86_64-pc-linux-gnu/15.1.1/../../../../include/c++/15.1.1/bits/stl_vector.h:631:7: note: candidate constructor not viable: no known conversion from 'havel::Clipboard::Format' to 'const vector<unsigned char> &' for 1st argument
  631 |       vector(const vector& __x)
      |       ^      ~~~~~~~~~~~~~~~~~
/usr/bin/../lib64/gcc/x86_64-pc-linux-gnu/15.1.1/../../../../include/c++/15.1.1/bits/stl_vector.h:650:7: note: candidate constructor not viable: no known conversion from 'havel::Clipboard::Format' to 'vector<unsigned char> &&' for 1st argument
  650 |       vector(vector&&) noexcept = default;
      |       ^      ~~~~~~~~
/usr/bin/../lib64/gcc/x86_64-pc-linux-gnu/15.1.1/../../../../include/c++/15.1.1/bits/stl_vector.h:708:7: note: candidate constructor not viable: no known conversion from 'havel::Clipboard::Format' to 'initializer_list<value_type>' (aka 'initializer_list<unsigned char>') for 1st argument
  708 |       vector(initializer_list<value_type> __l,
      |       ^      ~~~~~~~~~~~~~~~~~~~~~~~~~~~~~~~~
/usr/bin/../lib64/gcc/x86_64-pc-linux-gnu/15.1.1/../../../../include/c++/15.1.1/bits/stl_vector.h:572:7: note: explicit constructor is not a candidate
  572 |       vector(const allocator_type& __a) _GLIBCXX_NOEXCEPT
      |       ^
/usr/bin/../lib64/gcc/x86_64-pc-linux-gnu/15.1.1/../../../../include/c++/15.1.1/bits/stl_vector.h:586:7: note: explicit constructor is not a candidate
  586 |       vector(size_type __n, const allocator_type& __a = allocator_type())
      |       ^
/home/half-arch/repos/havel/src/gui/Clipboard.cpp:248:9: error: cannot initialize a member subobject of type 'Clipboard::Format' with an lvalue of type 'const char[10]'
  248 |         "image/png"
      |         ^~~~~~~~~~~
/home/half-arch/repos/havel/src/gui/Clipboard.cpp:262:21: error: too many arguments to function call, expected 0, have 1
  262 |     return GetImage(Selection::CLIPBOARD);
      |            ~~~~~~~~ ^~~~~~~~~~~~~~~~~~~~
/home/half-arch/repos/havel/src/gui/Clipboard.cpp:261:72: note: 'GetImage' declared here
  261 | std::unique_ptr<cairo_surface_t, void(*)(cairo_surface_t*)> Clipboard::GetImage() const {
      |                                                                        ^
/home/half-arch/repos/havel/src/gui/Clipboard.cpp:266:12: error: out-of-line definition of 'GetImage' does not match any declaration in 'havel::Clipboard'
  266 | Clipboard::GetImage(Selection selection) const {
      |            ^~~~~~~~
/home/half-arch/repos/havel/src/gui/Clipboard.cpp:319:9: error: no viable conversion from 'std::vector<uint8_t>' (aka 'vector<unsigned char>') to 'std::string' (aka 'basic_string<char>')
  319 |         std::vector<uint8_t>(ss.str().begin(), ss.str().end()),
      |         ^~~~~~~~~~~~~~~~~~~~~~~~~~~~~~~~~~~~~~~~~~~~~~~~~~~~~~
/usr/bin/../lib64/gcc/x86_64-pc-linux-gnu/15.1.1/../../../../include/c++/15.1.1/bits/basic_string.h:613:7: note: candidate constructor not viable: no known conversion from 'std::vector<uint8_t>' (aka 'vector<unsigned char>') to 'const basic_string<char> &' for 1st argument
  613 |       basic_string(const basic_string& __str)
      |       ^            ~~~~~~~~~~~~~~~~~~~~~~~~~
/usr/bin/../lib64/gcc/x86_64-pc-linux-gnu/15.1.1/../../../../include/c++/15.1.1/bits/basic_string.h:706:7: note: candidate constructor template not viable: no known conversion from 'std::vector<uint8_t>' (aka 'vector<unsigned char>') to 'const char *' for 1st argument
  706 |       basic_string(const _CharT* __s, const _Alloc& __a = _Alloc())
      |       ^            ~~~~~~~~~~~~~~~~~
/usr/bin/../lib64/gcc/x86_64-pc-linux-gnu/15.1.1/../../../../include/c++/15.1.1/bits/basic_string.h:742:7: note: candidate constructor not viable: no known conversion from 'std::vector<uint8_t>' (aka 'vector<unsigned char>') to 'basic_string<char> &&' for 1st argument
  742 |       basic_string(basic_string&& __str) noexcept
      |       ^            ~~~~~~~~~~~~~~~~~~~~
/usr/bin/../lib64/gcc/x86_64-pc-linux-gnu/15.1.1/../../../../include/c++/15.1.1/bits/basic_string.h:798:7: note: candidate constructor not viable: no known conversion from 'std::vector<uint8_t>' (aka 'vector<unsigned char>') to 'initializer_list<char>' for 1st argument
  798 |       basic_string(initializer_list<_CharT> __l, const _Alloc& __a = _Alloc())
      |       ^            ~~~~~~~~~~~~~~~~~~~~~~~~~~~~
/usr/bin/../lib64/gcc/x86_64-pc-linux-gnu/15.1.1/../../../../include/c++/15.1.1/bits/basic_string.h:835:7: note: candidate constructor not viable: no known conversion from 'std::vector<uint8_t>' (aka 'vector<unsigned char>') to 'nullptr_t' (aka 'std::nullptr_t') for 1st argument
  835 |       basic_string(nullptr_t) = delete;
      |       ^            ~~~~~~~~~
/usr/bin/../lib64/gcc/x86_64-pc-linux-gnu/15.1.1/../../../../include/c++/15.1.1/bits/basic_string.h:601:7: note: explicit constructor is not a candidate
  601 |       basic_string(const _Alloc& __a) _GLIBCXX_NOEXCEPT
      |       ^
/usr/bin/../lib64/gcc/x86_64-pc-linux-gnu/15.1.1/../../../../include/c++/15.1.1/bits/basic_string.h:887:2: note: explicit constructor is not a candidate
  887 |         basic_string(const _Tp& __t, const _Alloc& __a = _Alloc())
      |         ^
/home/half-arch/repos/havel/src/gui/Clipboard.cpp:320:9: error: no viable conversion from 'havel::Clipboard::Format' to 'std::vector<uint8_t>' (aka 'vector<unsigned char>')
  320 |         Format::URI_LIST,
      |         ^~~~~~~~~~~~~~~~
/usr/bin/../lib64/gcc/x86_64-pc-linux-gnu/15.1.1/../../../../include/c++/15.1.1/bits/stl_vector.h:631:7: note: candidate constructor not viable: no known conversion from 'havel::Clipboard::Format' to 'const vector<unsigned char> &' for 1st argument
  631 |       vector(const vector& __x)
      |       ^      ~~~~~~~~~~~~~~~~~
/usr/bin/../lib64/gcc/x86_64-pc-linux-gnu/15.1.1/../../../../include/c++/15.1.1/bits/stl_vector.h:650:7: note: candidate constructor not viable: no known conversion from 'havel::Clipboard::Format' to 'vector<unsigned char> &&' for 1st argument
  650 |       vector(vector&&) noexcept = default;
      |       ^      ~~~~~~~~
/usr/bin/../lib64/gcc/x86_64-pc-linux-gnu/15.1.1/../../../../include/c++/15.1.1/bits/stl_vector.h:708:7: note: candidate constructor not viable: no known conversion from 'havel::Clipboard::Format' to 'initializer_list<value_type>' (aka 'initializer_list<unsigned char>') for 1st argument
  708 |       vector(initializer_list<value_type> __l,
      |       ^      ~~~~~~~~~~~~~~~~~~~~~~~~~~~~~~~~
/usr/bin/../lib64/gcc/x86_64-pc-linux-gnu/15.1.1/../../../../include/c++/15.1.1/bits/stl_vector.h:572:7: note: explicit constructor is not a candidate
  572 |       vector(const allocator_type& __a) _GLIBCXX_NOEXCEPT
      |       ^
/usr/bin/../lib64/gcc/x86_64-pc-linux-gnu/15.1.1/../../../../include/c++/15.1.1/bits/stl_vector.h:586:7: note: explicit constructor is not a candidate
  586 |       vector(size_type __n, const allocator_type& __a = allocator_type())
      |       ^
/home/half-arch/repos/havel/src/gui/Clipboard.cpp:321:9: error: cannot initialize a member subobject of type 'Clipboard::Format' with an lvalue of type 'const char[14]'
  321 |         "text/uri-list"
      |         ^~~~~~~~~~~~~~~
/home/half-arch/repos/havel/src/gui/Clipboard.cpp:334:21: error: too many arguments to function call, expected 0, have 1
  334 |     return GetFiles(Selection::CLIPBOARD);
      |            ~~~~~~~~ ^~~~~~~~~~~~~~~~~~~~
/home/half-arch/repos/havel/src/gui/Clipboard.cpp:333:37: note: 'GetFiles' declared here
  333 | std::vector<std::string> Clipboard::GetFiles() const {
      |                                     ^
/home/half-arch/repos/havel/src/gui/Clipboard.cpp:337:37: error: out-of-line definition of 'GetFiles' does not match any declaration in 'havel::Clipboard'
  337 | std::vector<std::string> Clipboard::GetFiles(Selection selection) const {
      |                                     ^~~~~~~~
/home/half-arch/repos/havel/src/gui/Clipboard.cpp:360:9: error: no viable conversion from 'std::vector<uint8_t>' (aka 'vector<unsigned char>') to 'std::string' (aka 'basic_string<char>')
  360 |         std::vector<uint8_t>(html.begin(), html.end()),
      |         ^~~~~~~~~~~~~~~~~~~~~~~~~~~~~~~~~~~~~~~~~~~~~~
/usr/bin/../lib64/gcc/x86_64-pc-linux-gnu/15.1.1/../../../../include/c++/15.1.1/bits/basic_string.h:613:7: note: candidate constructor not viable: no known conversion from 'std::vector<uint8_t>' (aka 'vector<unsigned char>') to 'const basic_string<char> &' for 1st argument
  613 |       basic_string(const basic_string& __str)
      |       ^            ~~~~~~~~~~~~~~~~~~~~~~~~~
/usr/bin/../lib64/gcc/x86_64-pc-linux-gnu/15.1.1/../../../../include/c++/15.1.1/bits/basic_string.h:706:7: note: candidate constructor template not viable: no known conversion from 'std::vector<uint8_t>' (aka 'vector<unsigned char>') to 'const char *' for 1st argument
  706 |       basic_string(const _CharT* __s, const _Alloc& __a = _Alloc())
      |       ^            ~~~~~~~~~~~~~~~~~
/usr/bin/../lib64/gcc/x86_64-pc-linux-gnu/15.1.1/../../../../include/c++/15.1.1/bits/basic_string.h:742:7: note: candidate constructor not viable: no known conversion from 'std::vector<uint8_t>' (aka 'vector<unsigned char>') to 'basic_string<char> &&' for 1st argument
  742 |       basic_string(basic_string&& __str) noexcept
      |       ^            ~~~~~~~~~~~~~~~~~~~~
/usr/bin/../lib64/gcc/x86_64-pc-linux-gnu/15.1.1/../../../../include/c++/15.1.1/bits/basic_string.h:798:7: note: candidate constructor not viable: no known conversion from 'std::vector<uint8_t>' (aka 'vector<unsigned char>') to 'initializer_list<char>' for 1st argument
  798 |       basic_string(initializer_list<_CharT> __l, const _Alloc& __a = _Alloc())
      |       ^            ~~~~~~~~~~~~~~~~~~~~~~~~~~~~
/usr/bin/../lib64/gcc/x86_64-pc-linux-gnu/15.1.1/../../../../include/c++/15.1.1/bits/basic_string.h:835:7: note: candidate constructor not viable: no known conversion from 'std::vector<uint8_t>' (aka 'vector<unsigned char>') to 'nullptr_t' (aka 'std::nullptr_t') for 1st argument
  835 |       basic_string(nullptr_t) = delete;
      |       ^            ~~~~~~~~~
/usr/bin/../lib64/gcc/x86_64-pc-linux-gnu/15.1.1/../../../../include/c++/15.1.1/bits/basic_string.h:601:7: note: explicit constructor is not a candidate
  601 |       basic_string(const _Alloc& __a) _GLIBCXX_NOEXCEPT
      |       ^
/usr/bin/../lib64/gcc/x86_64-pc-linux-gnu/15.1.1/../../../../include/c++/15.1.1/bits/basic_string.h:887:2: note: explicit constructor is not a candidate
  887 |         basic_string(const _Tp& __t, const _Alloc& __a = _Alloc())
      |         ^
/home/half-arch/repos/havel/src/gui/Clipboard.cpp:361:9: error: no viable conversion from 'havel::Clipboard::Format' to 'std::vector<uint8_t>' (aka 'vector<unsigned char>')
  361 |         Format::HTML,
      |         ^~~~~~~~~~~~
/usr/bin/../lib64/gcc/x86_64-pc-linux-gnu/15.1.1/../../../../include/c++/15.1.1/bits/stl_vector.h:631:7: note: candidate constructor not viable: no known conversion from 'havel::Clipboard::Format' to 'const vector<unsigned char> &' for 1st argument
  631 |       vector(const vector& __x)
      |       ^      ~~~~~~~~~~~~~~~~~
/usr/bin/../lib64/gcc/x86_64-pc-linux-gnu/15.1.1/../../../../include/c++/15.1.1/bits/stl_vector.h:650:7: note: candidate constructor not viable: no known conversion from 'havel::Clipboard::Format' to 'vector<unsigned char> &&' for 1st argument
  650 |       vector(vector&&) noexcept = default;
      |       ^      ~~~~~~~~
/usr/bin/../lib64/gcc/x86_64-pc-linux-gnu/15.1.1/../../../../include/c++/15.1.1/bits/stl_vector.h:708:7: note: candidate constructor not viable: no known conversion from 'havel::Clipboard::Format' to 'initializer_list<value_type>' (aka 'initializer_list<unsigned char>') for 1st argument
  708 |       vector(initializer_list<value_type> __l,
      |       ^      ~~~~~~~~~~~~~~~~~~~~~~~~~~~~~~~~
/usr/bin/../lib64/gcc/x86_64-pc-linux-gnu/15.1.1/../../../../include/c++/15.1.1/bits/stl_vector.h:572:7: note: explicit constructor is not a candidate
  572 |       vector(const allocator_type& __a) _GLIBCXX_NOEXCEPT
      |       ^
/usr/bin/../lib64/gcc/x86_64-pc-linux-gnu/15.1.1/../../../../include/c++/15.1.1/bits/stl_vector.h:586:7: note: explicit constructor is not a candidate
  586 |       vector(size_type __n, const allocator_type& __a = allocator_type())
      |       ^
/home/half-arch/repos/havel/src/gui/Clipboard.cpp:362:9: error: cannot initialize a member subobject of type 'Clipboard::Format' with an lvalue of type 'const char[10]'
  362 |         "text/html"
      |         ^~~~~~~~~~~
/home/half-arch/repos/havel/src/gui/Clipboard.cpp:384:9: error: no viable conversion from 'const std::vector<uint8_t>' (aka 'const vector<unsigned char>') to 'std::string' (aka 'basic_string<char>')
  384 |         data,
      |         ^~~~
/usr/bin/../lib64/gcc/x86_64-pc-linux-gnu/15.1.1/../../../../include/c++/15.1.1/bits/basic_string.h:613:7: note: candidate constructor not viable: no known conversion from 'const std::vector<uint8_t>' (aka 'const vector<unsigned char>') to 'const basic_string<char> &' for 1st argument
  613 |       basic_string(const basic_string& __str)
      |       ^            ~~~~~~~~~~~~~~~~~~~~~~~~~
/usr/bin/../lib64/gcc/x86_64-pc-linux-gnu/15.1.1/../../../../include/c++/15.1.1/bits/basic_string.h:706:7: note: candidate constructor template not viable: no known conversion from 'const std::vector<uint8_t>' (aka 'const vector<unsigned char>') to 'const char *' for 1st argument
  706 |       basic_string(const _CharT* __s, const _Alloc& __a = _Alloc())
      |       ^            ~~~~~~~~~~~~~~~~~
/usr/bin/../lib64/gcc/x86_64-pc-linux-gnu/15.1.1/../../../../include/c++/15.1.1/bits/basic_string.h:742:7: note: candidate constructor not viable: no known conversion from 'const std::vector<uint8_t>' (aka 'const vector<unsigned char>') to 'basic_string<char> &&' for 1st argument
  742 |       basic_string(basic_string&& __str) noexcept
      |       ^            ~~~~~~~~~~~~~~~~~~~~
/usr/bin/../lib64/gcc/x86_64-pc-linux-gnu/15.1.1/../../../../include/c++/15.1.1/bits/basic_string.h:798:7: note: candidate constructor not viable: no known conversion from 'const std::vector<uint8_t>' (aka 'const vector<unsigned char>') to 'initializer_list<char>' for 1st argument
  798 |       basic_string(initializer_list<_CharT> __l, const _Alloc& __a = _Alloc())
      |       ^            ~~~~~~~~~~~~~~~~~~~~~~~~~~~~
/usr/bin/../lib64/gcc/x86_64-pc-linux-gnu/15.1.1/../../../../include/c++/15.1.1/bits/basic_string.h:835:7: note: candidate constructor not viable: no known conversion from 'const std::vector<uint8_t>' (aka 'const vector<unsigned char>') to 'nullptr_t' (aka 'std::nullptr_t') for 1st argument
  835 |       basic_string(nullptr_t) = delete;
      |       ^            ~~~~~~~~~
/usr/bin/../lib64/gcc/x86_64-pc-linux-gnu/15.1.1/../../../../include/c++/15.1.1/bits/basic_string.h:601:7: note: explicit constructor is not a candidate
  601 |       basic_string(const _Alloc& __a) _GLIBCXX_NOEXCEPT
      |       ^
/usr/bin/../lib64/gcc/x86_64-pc-linux-gnu/15.1.1/../../../../include/c++/15.1.1/bits/basic_string.h:887:2: note: explicit constructor is not a candidate
  887 |         basic_string(const _Tp& __t, const _Alloc& __a = _Alloc())
      |         ^
fatal error: too many errors emitted, stopping now [-ferror-limit=]
1 warning and 20 errors generated.
make[2]: *** [CMakeFiles/hvc.dir/build.make:205: CMakeFiles/hvc.dir/src/gui/Clipboard.cpp.o] Error 1
make[2]: *** Waiting for unfinished jobs....
In file included from /home/half-arch/repos/havel/src/gui/GUI.cpp:1:
/home/half-arch/repos/havel/src/gui/GUI.hpp:8:10: fatal error: 'gtkmm.h' file not found
    8 | #include <gtkmm.h>
      |          ^~~~~~~~~
1 error generated.
make[2]: *** [CMakeFiles/hvc.dir/build.make:219: CMakeFiles/hvc.dir/src/gui/GUI.cpp.o] Error 1
make[1]: *** [CMakeFiles/Makefile2:97: CMakeFiles/hvc.dir/all] Error 2
make[1]: *** [CMakeFiles/Makefile2:161: CMakeFiles/test_havel.dir/all] Error 2
make: *** [Makefile:136: all] Error 2
[0;32m[SUCCESS] Build[0m
[0;31m[ERROR] No executable found in build-debug/. Build the project first.[0m
